# JRE version: OpenJDK Runtime Environment (8.0_131-b11) (build 1.8.0_131-8u131-b11-0ubuntu1.16.04.2-b11)
# Java VM: OpenJDK 64-Bit Server VM (25.131-b11 mixed mode linux-amd64 compressed oops)
Heap:
 PSYoungGen      total 829952K, used 0K [0x000000076ab00000, 0x00000007bb580000, 0x00000007c0000000)
  eden space 364032K, 0% used [0x000000076ab00000,0x000000076ab00000,0x0000000780e80000)
  from space 465920K, 0% used [0x000000079d580000,0x000000079d580000,0x00000007b9c80000)
  to   space 465920K, 0% used [0x0000000780e80000,0x0000000780e80000,0x000000079d580000)
 ParOldGen       total 1151488K, used 1126620K [0x00000006c0000000, 0x0000000706480000, 0x000000076ab00000)
  object space 1151488K, 97% used [0x00000006c0000000,0x0000000704c370c8,0x0000000706480000)
 Metaspace       used 13184K, capacity 13424K, committed 13568K, reserved 1060864K
  class space    used 1418K, capacity 1508K, committed 1536K, reserved 1048576K
GC Heap History (10 events):
Event: 425.801 GC heap after
Heap after GC invocations=109 (full 13):
 PSYoungGen      total 808960K, used 64K [0x000000076ab00000, 0x00000007b3800000, 0x00000007c0000000)
  eden space 476160K, 0% used [0x000000076ab00000,0x000000076ab00000,0x0000000787c00000)
  from space 332800K, 0% used [0x000000079f300000,0x000000079f310000,0x00000007b3800000)
  to   space 358400K, 0% used [0x0000000787c00000,0x0000000787c00000,0x000000079da00000)
 ParOldGen       total 1151488K, used 460671K [0x00000006c0000000, 0x0000000706480000, 0x000000076ab00000)
  object space 1151488K, 40% used [0x00000006c0000000,0x00000006dc1dfd88,0x0000000706480000)
 Metaspace       used 13178K, capacity 13360K, committed 13568K, reserved 1060864K
  class space    used 1418K, capacity 1508K, committed 1536K, reserved 1048576K
}
Event: 429.874 GC heap before
{Heap before GC invocations=110 (full 13):
 PSYoungGen      total 808960K, used 476224K [0x000000076ab00000, 0x00000007b3800000, 0x00000007c0000000)
  eden space 476160K, 100% used [0x000000076ab00000,0x0000000787c00000,0x0000000787c00000)
  from space 332800K, 0% used [0x000000079f300000,0x000000079f310000,0x00000007b3800000)
  to   space 358400K, 0% used [0x0000000787c00000,0x0000000787c00000,0x000000079da00000)
 ParOldGen       total 1151488K, used 460671K [0x00000006c0000000, 0x0000000706480000, 0x000000076ab00000)
  object space 1151488K, 40% used [0x00000006c0000000,0x00000006dc1dfd88,0x0000000706480000)
 Metaspace       used 13178K, capacity 13360K, committed 13568K, reserved 1060864K
  class space    used 1418K, capacity 1508K, committed 1536K, reserved 1048576K
Event: 429.877 GC heap after
Heap after GC invocations=110 (full 13):
 PSYoungGen      total 476672K, used 96K [0x000000076ab00000, 0x00000007b0d00000, 0x00000007c0000000)
  eden space 476160K, 0% used [0x000000076ab00000,0x000000076ab00000,0x0000000787c00000)
  from space 512K, 18% used [0x0000000787c00000,0x0000000787c18000,0x0000000787c80000)
  to   space 334848K, 0% used [0x000000079c600000,0x000000079c600000,0x00000007b0d00000)
 ParOldGen       total 1151488K, used 460671K [0x00000006c0000000, 0x0000000706480000, 0x000000076ab00000)
  object space 1151488K, 40% used [0x00000006c0000000,0x00000006dc1dfd88,0x0000000706480000)
 Metaspace       used 13178K, capacity 13360K, committed 13568K, reserved 1060864K
  class space    used 1418K, capacity 1508K, committed 1536K, reserved 1048576K
}
Event: 463.444 GC heap before
{Heap before GC invocations=111 (full 13):
 PSYoungGen      total 476672K, used 476256K [0x000000076ab00000, 0x00000007b0d00000, 0x00000007c0000000)
  eden space 476160K, 100% used [0x000000076ab00000,0x0000000787c00000,0x0000000787c00000)
  from space 512K, 18% used [0x0000000787c00000,0x0000000787c18000,0x0000000787c80000)
  to   space 334848K, 0% used [0x000000079c600000,0x000000079c600000,0x00000007b0d00000)
 ParOldGen       total 1151488K, used 460671K [0x00000006c0000000, 0x0000000706480000, 0x000000076ab00000)
  object space 1151488K, 40% used [0x00000006c0000000,0x00000006dc1dfd88,0x0000000706480000)
 Metaspace       used 13180K, capacity 13360K, committed 13568K, reserved 1060864K
  class space    used 1418K, capacity 1508K, committed 1536K, reserved 1048576K
Event: 463.616 GC heap after
Heap after GC invocations=111 (full 13):
 PSYoungGen      total 694272K, used 334816K [0x000000076ab00000, 0x00000007bf780000, 0x00000007c0000000)
  eden space 359424K, 0% used [0x000000076ab00000,0x000000076ab00000,0x0000000780a00000)
  from space 334848K, 99% used [0x000000079c600000,0x00000007b0cf8080,0x00000007b0d00000)
  to   space 454656K, 0% used [0x0000000780a00000,0x0000000780a00000,0x000000079c600000)
 ParOldGen       total 1151488K, used 569327K [0x00000006c0000000, 0x0000000706480000, 0x000000076ab00000)
  object space 1151488K, 49% used [0x00000006c0000000,0x00000006e2bfbd88,0x0000000706480000)
 Metaspace       used 13180K, capacity 13360K, committed 13568K, reserved 1060864K
  class space    used 1418K, capacity 1508K, committed 1536K, reserved 1048576K
}
Event: 480.021 GC heap before
{Heap before GC invocations=112 (full 13):
 PSYoungGen      total 694272K, used 694240K [0x000000076ab00000, 0x00000007bf780000, 0x00000007c0000000)
  eden space 359424K, 100% used [0x000000076ab00000,0x0000000780a00000,0x0000000780a00000)
  from space 334848K, 99% used [0x000000079c600000,0x00000007b0cf8080,0x00000007b0d00000)
  to   space 454656K, 0% used [0x0000000780a00000,0x0000000780a00000,0x000000079c600000)
 ParOldGen       total 1151488K, used 569327K [0x00000006c0000000, 0x0000000706480000, 0x000000076ab00000)
  object space 1151488K, 49% used [0x00000006c0000000,0x00000006e2bfbd88,0x0000000706480000)
 Metaspace       used 13184K, capacity 13424K, committed 13568K, reserved 1060864K
  class space    used 1418K, capacity 1508K, committed 1536K, reserved 1048576K
Event: 480.286 GC heap after
Heap after GC invocations=112 (full 13):
 PSYoungGen      total 814080K, used 454624K [0x000000076ab00000, 0x00000007b9c80000, 0x00000007c0000000)
  eden space 359424K, 0% used [0x000000076ab00000,0x000000076ab00000,0x0000000780a00000)
  from space 454656K, 99% used [0x0000000780a00000,0x000000079c5f8080,0x000000079c600000)
  to   space 465920K, 0% used [0x000000079d580000,0x000000079d580000,0x00000007b9c80000)
 ParOldGen       total 1151488K, used 806039K [0x00000006c0000000, 0x0000000706480000, 0x000000076ab00000)
  object space 1151488K, 69% used [0x00000006c0000000,0x00000006f1325d88,0x0000000706480000)
 Metaspace       used 13184K, capacity 13424K, committed 13568K, reserved 1060864K
  class space    used 1418K, capacity 1508K, committed 1536K, reserved 1048576K
}
Event: 486.775 GC heap before
{Heap before GC invocations=113 (full 13):
 PSYoungGen      total 814080K, used 814048K [0x000000076ab00000, 0x00000007b9c80000, 0x00000007c0000000)
  eden space 359424K, 100% used [0x000000076ab00000,0x0000000780a00000,0x0000000780a00000)
  from space 454656K, 99% used [0x0000000780a00000,0x000000079c5f8080,0x000000079c600000)
  to   space 465920K, 0% used [0x000000079d580000,0x000000079d580000,0x00000007b9c80000)
 ParOldGen       total 1151488K, used 806039K [0x00000006c0000000, 0x0000000706480000, 0x000000076ab00000)
  object space 1151488K, 69% used [0x00000006c0000000,0x00000006f1325d88,0x0000000706480000)
 Metaspace       used 13184K, capacity 13424K, committed 13568K, reserved 1060864K
  class space    used 1418K, capacity 1508K, committed 1536K, reserved 1048576K
Event: 489.214 GC heap after
Heap after GC invocations=113 (full 13):
 PSYoungGen      total 829952K, used 465888K [0x000000076ab00000, 0x00000007bb580000, 0x00000007c0000000)
  eden space 364032K, 0% used [0x000000076ab00000,0x000000076ab00000,0x0000000780e80000)
  from space 465920K, 99% used [0x000000079d580000,0x00000007b9c78090,0x00000007b9c80000)
  to   space 465920K, 0% used [0x0000000780e80000,0x0000000780e80000,0x000000079d580000)
 ParOldGen       total 1151488K, used 1129015K [0x00000006c0000000, 0x0000000706480000, 0x000000076ab00000)
  object space 1151488K, 98% used [0x00000006c0000000,0x0000000704e8dd88,0x0000000706480000)
 Metaspace       used 13184K, capacity 13424K, committed 13568K, reserved 1060864K
  class space    used 1418K, capacity 1508K, committed 1536K, reserved 1048576K
}
Event: 489.214 GC heap before
{Heap before GC invocations=114 (full 14):
 PSYoungGen      total 829952K, used 465888K [0x000000076ab00000, 0x00000007bb580000, 0x00000007c0000000)
  eden space 364032K, 0% used [0x000000076ab00000,0x000000076ab00000,0x0000000780e80000)
  from space 465920K, 99% used [0x000000079d580000,0x00000007b9c78090,0x00000007b9c80000)
  to   space 465920K, 0% used [0x0000000780e80000,0x0000000780e80000,0x000000079d580000)
 ParOldGen       total 1151488K, used 1129015K [0x00000006c0000000, 0x0000000706480000, 0x000000076ab00000)
  object space 1151488K, 98% used [0x00000006c0000000,0x0000000704e8dd88,0x0000000706480000)
 Metaspace       used 13184K, capacity 13424K, committed 13568K, reserved 1060864K
  class space    used 1418K, capacity 1508K, committed 1536K, reserved 1048576K

